{"/Users/zm/Desktop/algorithm/src/binary-tree.js": {"path":"/Users/zm/Desktop/algorithm/src/binary-tree.js","statementMap":{"0":{"start":{"line":3,"column":4},"end":{"line":3,"column":21}},"1":{"start":{"line":4,"column":4},"end":{"line":4,"column":21}},"2":{"start":{"line":5,"column":4},"end":{"line":5,"column":22}},"3":{"start":{"line":12,"column":4},"end":{"line":12,"column":21}},"4":{"start":{"line":13,"column":4},"end":{"line":13,"column":18}},"5":{"start":{"line":17,"column":18},"end":{"line":17,"column":35}},"6":{"start":{"line":18,"column":4},"end":{"line":18,"column":16}},"7":{"start":{"line":20,"column":4},"end":{"line":22,"column":5}},"8":{"start":{"line":21,"column":6},"end":{"line":21,"column":33}},"9":{"start":{"line":23,"column":22},"end":{"line":23,"column":31}},"10":{"start":{"line":25,"column":4},"end":{"line":40,"column":5}},"11":{"start":{"line":26,"column":6},"end":{"line":26,"column":31}},"12":{"start":{"line":27,"column":6},"end":{"line":39,"column":7}},"13":{"start":{"line":28,"column":8},"end":{"line":28,"column":39}},"14":{"start":{"line":29,"column":8},"end":{"line":32,"column":9}},"15":{"start":{"line":30,"column":10},"end":{"line":30,"column":36}},"16":{"start":{"line":31,"column":10},"end":{"line":31,"column":16}},"17":{"start":{"line":34,"column":8},"end":{"line":34,"column":40}},"18":{"start":{"line":35,"column":8},"end":{"line":38,"column":9}},"19":{"start":{"line":36,"column":10},"end":{"line":36,"column":37}},"20":{"start":{"line":37,"column":10},"end":{"line":37,"column":16}},"21":{"start":{"line":44,"column":17},"end":{"line":44,"column":19}},"22":{"start":{"line":45,"column":16},"end":{"line":50,"column":5}},"23":{"start":{"line":46,"column":6},"end":{"line":46,"column":30}},"24":{"start":{"line":46,"column":23},"end":{"line":46,"column":30}},"25":{"start":{"line":47,"column":6},"end":{"line":47,"column":21}},"26":{"start":{"line":48,"column":6},"end":{"line":48,"column":30}},"27":{"start":{"line":49,"column":6},"end":{"line":49,"column":22}},"28":{"start":{"line":51,"column":4},"end":{"line":51,"column":19}},"29":{"start":{"line":52,"column":4},"end":{"line":52,"column":18}},"30":{"start":{"line":57,"column":22},"end":{"line":57,"column":31}},"31":{"start":{"line":58,"column":4},"end":{"line":67,"column":5}},"32":{"start":{"line":59,"column":6},"end":{"line":61,"column":7}},"33":{"start":{"line":60,"column":8},"end":{"line":60,"column":27}},"34":{"start":{"line":62,"column":6},"end":{"line":66,"column":7}},"35":{"start":{"line":63,"column":8},"end":{"line":63,"column":39}},"36":{"start":{"line":65,"column":8},"end":{"line":65,"column":40}},"37":{"start":{"line":69,"column":4},"end":{"line":69,"column":16}},"38":{"start":{"line":73,"column":19},"end":{"line":79,"column":5}},"39":{"start":{"line":74,"column":6},"end":{"line":78,"column":7}},"40":{"start":{"line":75,"column":8},"end":{"line":75,"column":20}},"41":{"start":{"line":77,"column":8},"end":{"line":77,"column":34}},"42":{"start":{"line":85,"column":23},"end":{"line":114,"column":5}},"43":{"start":{"line":86,"column":6},"end":{"line":86,"column":30}},"44":{"start":{"line":86,"column":23},"end":{"line":86,"column":30}},"45":{"start":{"line":87,"column":6},"end":{"line":113,"column":7}},"46":{"start":{"line":89,"column":8},"end":{"line":91,"column":9}},"47":{"start":{"line":90,"column":10},"end":{"line":90,"column":22}},"48":{"start":{"line":93,"column":8},"end":{"line":95,"column":9}},"49":{"start":{"line":94,"column":10},"end":{"line":94,"column":27}},"50":{"start":{"line":97,"column":8},"end":{"line":99,"column":9}},"51":{"start":{"line":98,"column":10},"end":{"line":98,"column":28}},"52":{"start":{"line":101,"column":23},"end":{"line":101,"column":40}},"53":{"start":{"line":102,"column":8},"end":{"line":102,"column":36}},"54":{"start":{"line":103,"column":8},"end":{"line":103,"column":58}},"55":{"start":{"line":104,"column":8},"end":{"line":104,"column":20}},"56":{"start":{"line":105,"column":13},"end":{"line":113,"column":7}},"57":{"start":{"line":107,"column":8},"end":{"line":107,"column":47}},"58":{"start":{"line":108,"column":8},"end":{"line":108,"column":20}},"59":{"start":{"line":111,"column":8},"end":{"line":111,"column":49}},"60":{"start":{"line":112,"column":8},"end":{"line":112,"column":20}},"61":{"start":{"line":116,"column":4},"end":{"line":116,"column":16}},"62":{"start":{"line":117,"column":4},"end":{"line":117,"column":31}},"63":{"start":{"line":121,"column":13},"end":{"line":121,"column":24}},"64":{"start":{"line":122,"column":22},"end":{"line":122,"column":24}},"65":{"start":{"line":123,"column":4},"end":{"line":132,"column":5}},"66":{"start":{"line":124,"column":19},"end":{"line":124,"column":28}},"67":{"start":{"line":125,"column":6},"end":{"line":130,"column":7}},"68":{"start":{"line":125,"column":16},"end":{"line":125,"column":17}},"69":{"start":{"line":126,"column":19},"end":{"line":126,"column":29}},"70":{"start":{"line":127,"column":8},"end":{"line":127,"column":53}},"71":{"start":{"line":128,"column":8},"end":{"line":128,"column":50}},"72":{"start":{"line":128,"column":31},"end":{"line":128,"column":50}},"73":{"start":{"line":129,"column":8},"end":{"line":129,"column":52}},"74":{"start":{"line":129,"column":32},"end":{"line":129,"column":52}},"75":{"start":{"line":131,"column":6},"end":{"line":131,"column":39}},"76":{"start":{"line":133,"column":4},"end":{"line":133,"column":29}}},"fnMap":{"0":{"name":"(anonymous_0)","decl":{"start":{"line":2,"column":2},"end":{"line":2,"column":3}},"loc":{"start":{"line":2,"column":19},"end":{"line":6,"column":3}},"line":2},"1":{"name":"(anonymous_1)","decl":{"start":{"line":11,"column":2},"end":{"line":11,"column":3}},"loc":{"start":{"line":11,"column":16},"end":{"line":14,"column":3}},"line":11},"2":{"name":"(anonymous_2)","decl":{"start":{"line":16,"column":2},"end":{"line":16,"column":3}},"loc":{"start":{"line":16,"column":12},"end":{"line":41,"column":3}},"line":16},"3":{"name":"(anonymous_3)","decl":{"start":{"line":43,"column":2},"end":{"line":43,"column":3}},"loc":{"start":{"line":43,"column":12},"end":{"line":53,"column":3}},"line":43},"4":{"name":"(anonymous_4)","decl":{"start":{"line":45,"column":16},"end":{"line":45,"column":17}},"loc":{"start":{"line":45,"column":26},"end":{"line":50,"column":5}},"line":45},"5":{"name":"(anonymous_5)","decl":{"start":{"line":56,"column":2},"end":{"line":56,"column":3}},"loc":{"start":{"line":56,"column":14},"end":{"line":70,"column":3}},"line":56},"6":{"name":"(anonymous_6)","decl":{"start":{"line":72,"column":2},"end":{"line":72,"column":3}},"loc":{"start":{"line":72,"column":14},"end":{"line":118,"column":3}},"line":72},"7":{"name":"(anonymous_7)","decl":{"start":{"line":73,"column":19},"end":{"line":73,"column":20}},"loc":{"start":{"line":73,"column":29},"end":{"line":79,"column":5}},"line":73},"8":{"name":"(anonymous_8)","decl":{"start":{"line":85,"column":23},"end":{"line":85,"column":24}},"loc":{"start":{"line":85,"column":38},"end":{"line":114,"column":5}},"line":85},"9":{"name":"(anonymous_9)","decl":{"start":{"line":120,"column":2},"end":{"line":120,"column":3}},"loc":{"start":{"line":120,"column":10},"end":{"line":134,"column":3}},"line":120}},"branchMap":{"0":{"loc":{"start":{"line":20,"column":4},"end":{"line":22,"column":5}},"type":"if","locations":[{"start":{"line":20,"column":4},"end":{"line":22,"column":5}},{"start":{},"end":{}}],"line":20},"1":{"loc":{"start":{"line":27,"column":6},"end":{"line":39,"column":7}},"type":"if","locations":[{"start":{"line":27,"column":6},"end":{"line":39,"column":7}},{"start":{"line":33,"column":13},"end":{"line":39,"column":7}}],"line":27},"2":{"loc":{"start":{"line":29,"column":8},"end":{"line":32,"column":9}},"type":"if","locations":[{"start":{"line":29,"column":8},"end":{"line":32,"column":9}},{"start":{},"end":{}}],"line":29},"3":{"loc":{"start":{"line":35,"column":8},"end":{"line":38,"column":9}},"type":"if","locations":[{"start":{"line":35,"column":8},"end":{"line":38,"column":9}},{"start":{},"end":{}}],"line":35},"4":{"loc":{"start":{"line":46,"column":6},"end":{"line":46,"column":30}},"type":"if","locations":[{"start":{"line":46,"column":6},"end":{"line":46,"column":30}},{"start":{},"end":{}}],"line":46},"5":{"loc":{"start":{"line":59,"column":6},"end":{"line":61,"column":7}},"type":"if","locations":[{"start":{"line":59,"column":6},"end":{"line":61,"column":7}},{"start":{},"end":{}}],"line":59},"6":{"loc":{"start":{"line":62,"column":6},"end":{"line":66,"column":7}},"type":"if","locations":[{"start":{"line":62,"column":6},"end":{"line":66,"column":7}},{"start":{"line":64,"column":13},"end":{"line":66,"column":7}}],"line":62},"7":{"loc":{"start":{"line":74,"column":6},"end":{"line":78,"column":7}},"type":"if","locations":[{"start":{"line":74,"column":6},"end":{"line":78,"column":7}},{"start":{"line":76,"column":13},"end":{"line":78,"column":7}}],"line":74},"8":{"loc":{"start":{"line":86,"column":6},"end":{"line":86,"column":30}},"type":"if","locations":[{"start":{"line":86,"column":6},"end":{"line":86,"column":30}},{"start":{},"end":{}}],"line":86},"9":{"loc":{"start":{"line":87,"column":6},"end":{"line":113,"column":7}},"type":"if","locations":[{"start":{"line":87,"column":6},"end":{"line":113,"column":7}},{"start":{"line":105,"column":13},"end":{"line":113,"column":7}}],"line":87},"10":{"loc":{"start":{"line":89,"column":8},"end":{"line":91,"column":9}},"type":"if","locations":[{"start":{"line":89,"column":8},"end":{"line":91,"column":9}},{"start":{},"end":{}}],"line":89},"11":{"loc":{"start":{"line":89,"column":11},"end":{"line":89,"column":50}},"type":"binary-expr","locations":[{"start":{"line":89,"column":11},"end":{"line":89,"column":28}},{"start":{"line":89,"column":32},"end":{"line":89,"column":50}}],"line":89},"12":{"loc":{"start":{"line":93,"column":8},"end":{"line":95,"column":9}},"type":"if","locations":[{"start":{"line":93,"column":8},"end":{"line":95,"column":9}},{"start":{},"end":{}}],"line":93},"13":{"loc":{"start":{"line":97,"column":8},"end":{"line":99,"column":9}},"type":"if","locations":[{"start":{"line":97,"column":8},"end":{"line":99,"column":9}},{"start":{},"end":{}}],"line":97},"14":{"loc":{"start":{"line":105,"column":13},"end":{"line":113,"column":7}},"type":"if","locations":[{"start":{"line":105,"column":13},"end":{"line":113,"column":7}},{"start":{"line":109,"column":13},"end":{"line":113,"column":7}}],"line":105},"15":{"loc":{"start":{"line":128,"column":8},"end":{"line":128,"column":50}},"type":"if","locations":[{"start":{"line":128,"column":8},"end":{"line":128,"column":50}},{"start":{},"end":{}}],"line":128},"16":{"loc":{"start":{"line":129,"column":8},"end":{"line":129,"column":52}},"type":"if","locations":[{"start":{"line":129,"column":8},"end":{"line":129,"column":52}},{"start":{},"end":{}}],"line":129}},"s":{"0":9,"1":9,"2":9,"3":1,"4":1,"5":9,"6":9,"7":9,"8":1,"9":8,"10":8,"11":20,"12":20,"13":12,"14":12,"15":5,"16":5,"17":8,"18":8,"19":3,"20":3,"21":2,"22":2,"23":34,"24":18,"25":16,"26":16,"27":16,"28":2,"29":2,"30":0,"31":0,"32":0,"33":0,"34":0,"35":0,"36":0,"37":0,"38":2,"39":3,"40":2,"41":1,"42":2,"43":6,"44":0,"45":6,"46":4,"47":1,"48":3,"49":1,"50":2,"51":0,"52":2,"53":2,"54":2,"55":2,"56":2,"57":0,"58":0,"59":2,"60":2,"61":2,"62":2,"63":0,"64":0,"65":0,"66":0,"67":0,"68":0,"69":0,"70":0,"71":0,"72":0,"73":0,"74":0,"75":0,"76":0},"f":{"0":9,"1":1,"2":9,"3":2,"4":34,"5":0,"6":2,"7":3,"8":6,"9":0},"b":{"0":[1,8],"1":[12,8],"2":[5,7],"3":[3,5],"4":[18,16],"5":[0,0],"6":[0,0],"7":[2,1],"8":[0,6],"9":[4,2],"10":[1,3],"11":[4,1],"12":[1,2],"13":[0,2],"14":[0,2],"15":[0,0],"16":[0,0]},"_coverageSchema":"1a1c01bbd47fc00a2c39e90264f33305004495a9","hash":"8e0584e8bc42c1ecca9c0546899e1ecdeab94e81"}
,"/Users/zm/Desktop/algorithm/src/heap.js": {"path":"/Users/zm/Desktop/algorithm/src/heap.js","statementMap":{"0":{"start":{"line":3,"column":4},"end":{"line":3,"column":19}},"1":{"start":{"line":6,"column":4},"end":{"line":8,"column":5}},"2":{"start":{"line":6,"column":16},"end":{"line":6,"column":17}},"3":{"start":{"line":7,"column":6},"end":{"line":7,"column":28}},"4":{"start":{"line":13,"column":15},"end":{"line":13,"column":27}},"5":{"start":{"line":14,"column":4},"end":{"line":14,"column":32}},"6":{"start":{"line":15,"column":4},"end":{"line":15,"column":24}},"7":{"start":{"line":22,"column":4},"end":{"line":22,"column":25}},"8":{"start":{"line":23,"column":14},"end":{"line":23,"column":34}},"9":{"start":{"line":24,"column":14},"end":{"line":24,"column":31}},"10":{"start":{"line":26,"column":4},"end":{"line":30,"column":5}},"11":{"start":{"line":27,"column":6},"end":{"line":27,"column":26}},"12":{"start":{"line":28,"column":6},"end":{"line":28,"column":16}},"13":{"start":{"line":29,"column":6},"end":{"line":29,"column":30}},"14":{"start":{"line":36,"column":17},"end":{"line":36,"column":18}},"15":{"start":{"line":37,"column":16},"end":{"line":37,"column":33}},"16":{"start":{"line":38,"column":20},"end":{"line":38,"column":38}},"17":{"start":{"line":40,"column":16},"end":{"line":40,"column":31}},"18":{"start":{"line":41,"column":4},"end":{"line":41,"column":30}},"19":{"start":{"line":44,"column":4},"end":{"line":58,"column":5}},"20":{"start":{"line":45,"column":23},"end":{"line":45,"column":43}},"21":{"start":{"line":46,"column":24},"end":{"line":46,"column":40}},"22":{"start":{"line":48,"column":25},"end":{"line":48,"column":35}},"23":{"start":{"line":49,"column":6},"end":{"line":51,"column":7}},"24":{"start":{"line":50,"column":8},"end":{"line":50,"column":99}},"25":{"start":{"line":53,"column":6},"end":{"line":55,"column":7}},"26":{"start":{"line":54,"column":8},"end":{"line":54,"column":40}},"27":{"start":{"line":57,"column":6},"end":{"line":57,"column":28}},"28":{"start":{"line":59,"column":4},"end":{"line":59,"column":18}},"29":{"start":{"line":62,"column":4},"end":{"line":62,"column":24}}},"fnMap":{"0":{"name":"(anonymous_0)","decl":{"start":{"line":2,"column":2},"end":{"line":2,"column":3}},"loc":{"start":{"line":2,"column":16},"end":{"line":4,"column":3}},"line":2},"1":{"name":"(anonymous_1)","decl":{"start":{"line":5,"column":2},"end":{"line":5,"column":3}},"loc":{"start":{"line":5,"column":15},"end":{"line":9,"column":3}},"line":5},"2":{"name":"(anonymous_2)","decl":{"start":{"line":12,"column":2},"end":{"line":12,"column":3}},"loc":{"start":{"line":12,"column":13},"end":{"line":16,"column":3}},"line":12},"3":{"name":"(anonymous_3)","decl":{"start":{"line":21,"column":2},"end":{"line":21,"column":3}},"loc":{"start":{"line":21,"column":14},"end":{"line":31,"column":3}},"line":21},"4":{"name":"(anonymous_4)","decl":{"start":{"line":34,"column":2},"end":{"line":34,"column":3}},"loc":{"start":{"line":34,"column":9},"end":{"line":60,"column":3}},"line":34},"5":{"name":"(anonymous_5)","decl":{"start":{"line":61,"column":2},"end":{"line":61,"column":3}},"loc":{"start":{"line":61,"column":9},"end":{"line":63,"column":3}},"line":61}},"branchMap":{"0":{"loc":{"start":{"line":26,"column":10},"end":{"line":26,"column":53}},"type":"binary-expr","locations":[{"start":{"line":26,"column":10},"end":{"line":26,"column":18}},{"start":{"line":26,"column":22},"end":{"line":26,"column":53}}],"line":26},"1":{"loc":{"start":{"line":49,"column":6},"end":{"line":51,"column":7}},"type":"if","locations":[{"start":{"line":49,"column":6},"end":{"line":51,"column":7}},{"start":{},"end":{}}],"line":49},"2":{"loc":{"start":{"line":50,"column":23},"end":{"line":50,"column":98}},"type":"cond-expr","locations":[{"start":{"line":50,"column":74},"end":{"line":50,"column":84}},{"start":{"line":50,"column":87},"end":{"line":50,"column":98}}],"line":50},"3":{"loc":{"start":{"line":53,"column":6},"end":{"line":55,"column":7}},"type":"if","locations":[{"start":{"line":53,"column":6},"end":{"line":55,"column":7}},{"start":{},"end":{}}],"line":53},"4":{"loc":{"start":{"line":53,"column":10},"end":{"line":53,"column":81}},"type":"binary-expr","locations":[{"start":{"line":53,"column":10},"end":{"line":53,"column":34}},{"start":{"line":53,"column":38},"end":{"line":53,"column":81}}],"line":53}},"s":{"0":1,"1":0,"2":0,"3":0,"4":13,"5":13,"6":13,"7":10,"8":10,"9":10,"10":10,"11":8,"12":8,"13":8,"14":2,"15":2,"16":2,"17":2,"18":2,"19":2,"20":7,"21":7,"22":7,"23":7,"24":5,"25":7,"26":5,"27":7,"28":2,"29":3},"f":{"0":1,"1":0,"2":13,"3":10,"4":2,"5":3},"b":{"0":[18,18],"1":[5,2],"2":[3,2],"3":[5,2],"4":[7,5]},"_coverageSchema":"1a1c01bbd47fc00a2c39e90264f33305004495a9","hash":"fab47b5b57e30fe439556110d47f83a69a79e8a6"}
,"/Users/zm/Desktop/algorithm/src/linked-list.js": {"path":"/Users/zm/Desktop/algorithm/src/linked-list.js","statementMap":{"0":{"start":{"line":2,"column":2},"end":{"line":2,"column":18}},"1":{"start":{"line":3,"column":2},"end":{"line":3,"column":19}},"2":{"start":{"line":8,"column":4},"end":{"line":8,"column":39}},"3":{"start":{"line":9,"column":4},"end":{"line":9,"column":20}},"4":{"start":{"line":13,"column":19},"end":{"line":13,"column":28}},"5":{"start":{"line":14,"column":4},"end":{"line":16,"column":5}},"6":{"start":{"line":15,"column":8},"end":{"line":15,"column":33}},"7":{"start":{"line":17,"column":4},"end":{"line":17,"column":41}},"8":{"start":{"line":18,"column":4},"end":{"line":18,"column":19}},"9":{"start":{"line":22,"column":19},"end":{"line":22,"column":28}},"10":{"start":{"line":23,"column":16},"end":{"line":23,"column":17}},"11":{"start":{"line":24,"column":4},"end":{"line":30,"column":5}},"12":{"start":{"line":25,"column":8},"end":{"line":27,"column":9}},"13":{"start":{"line":26,"column":12},"end":{"line":26,"column":28}},"14":{"start":{"line":28,"column":8},"end":{"line":28,"column":33}},"15":{"start":{"line":29,"column":8},"end":{"line":29,"column":16}},"16":{"start":{"line":31,"column":4},"end":{"line":31,"column":20}},"17":{"start":{"line":35,"column":18},"end":{"line":35,"column":44}},"18":{"start":{"line":36,"column":19},"end":{"line":36,"column":34}},"19":{"start":{"line":37,"column":4},"end":{"line":39,"column":5}},"20":{"start":{"line":38,"column":8},"end":{"line":38,"column":20}},"21":{"start":{"line":40,"column":4},"end":{"line":40,"column":33}},"22":{"start":{"line":41,"column":4},"end":{"line":41,"column":28}},"23":{"start":{"line":42,"column":4},"end":{"line":42,"column":18}},"24":{"start":{"line":46,"column":19},"end":{"line":46,"column":28}},"25":{"start":{"line":47,"column":4},"end":{"line":53,"column":5}},"26":{"start":{"line":48,"column":8},"end":{"line":51,"column":9}},"27":{"start":{"line":49,"column":12},"end":{"line":49,"column":47}},"28":{"start":{"line":50,"column":12},"end":{"line":50,"column":18}},"29":{"start":{"line":52,"column":8},"end":{"line":52,"column":32}},"30":{"start":{"line":54,"column":4},"end":{"line":54,"column":18}}},"fnMap":{"0":{"name":"LinkedNode","decl":{"start":{"line":1,"column":9},"end":{"line":1,"column":19}},"loc":{"start":{"line":1,"column":26},"end":{"line":4,"column":1}},"line":1},"1":{"name":"(anonymous_1)","decl":{"start":{"line":7,"column":2},"end":{"line":7,"column":3}},"loc":{"start":{"line":7,"column":16},"end":{"line":10,"column":3}},"line":7},"2":{"name":"(anonymous_2)","decl":{"start":{"line":12,"column":2},"end":{"line":12,"column":3}},"loc":{"start":{"line":12,"column":12},"end":{"line":19,"column":3}},"line":12},"3":{"name":"(anonymous_3)","decl":{"start":{"line":21,"column":2},"end":{"line":21,"column":3}},"loc":{"start":{"line":21,"column":13},"end":{"line":32,"column":3}},"line":21},"4":{"name":"(anonymous_4)","decl":{"start":{"line":34,"column":2},"end":{"line":34,"column":3}},"loc":{"start":{"line":34,"column":28},"end":{"line":43,"column":3}},"line":34},"5":{"name":"(anonymous_5)","decl":{"start":{"line":45,"column":2},"end":{"line":45,"column":3}},"loc":{"start":{"line":45,"column":15},"end":{"line":55,"column":3}},"line":45}},"branchMap":{"0":{"loc":{"start":{"line":25,"column":8},"end":{"line":27,"column":9}},"type":"if","locations":[{"start":{"line":25,"column":8},"end":{"line":27,"column":9}},{"start":{},"end":{}}],"line":25},"1":{"loc":{"start":{"line":37,"column":4},"end":{"line":39,"column":5}},"type":"if","locations":[{"start":{"line":37,"column":4},"end":{"line":39,"column":5}},{"start":{},"end":{}}],"line":37},"2":{"loc":{"start":{"line":48,"column":8},"end":{"line":51,"column":9}},"type":"if","locations":[{"start":{"line":48,"column":8},"end":{"line":51,"column":9}},{"start":{},"end":{}}],"line":48}},"s":{"0":5,"1":5,"2":1,"3":1,"4":3,"5":3,"6":3,"7":3,"8":3,"9":3,"10":3,"11":3,"12":6,"13":1,"14":5,"15":5,"16":2,"17":1,"18":1,"19":1,"20":0,"21":1,"22":1,"23":1,"24":1,"25":1,"26":4,"27":1,"28":1,"29":3,"30":1},"f":{"0":5,"1":1,"2":3,"3":3,"4":1,"5":1},"b":{"0":[1,5],"1":[0,1],"2":[1,3]},"_coverageSchema":"1a1c01bbd47fc00a2c39e90264f33305004495a9","hash":"18f4cb48487d7fbc04db35831aaaabd5edb022f8"}
,"/Users/zm/Desktop/algorithm/src/queue.js": {"path":"/Users/zm/Desktop/algorithm/src/queue.js","statementMap":{"0":{"start":{"line":3,"column":4},"end":{"line":3,"column":29}},"1":{"start":{"line":4,"column":4},"end":{"line":4,"column":34}},"2":{"start":{"line":8,"column":4},"end":{"line":8,"column":26}},"3":{"start":{"line":9,"column":4},"end":{"line":9,"column":16}},"4":{"start":{"line":13,"column":4},"end":{"line":13,"column":23}},"5":{"start":{"line":14,"column":4},"end":{"line":14,"column":16}},"6":{"start":{"line":18,"column":4},"end":{"line":18,"column":21}},"7":{"start":{"line":22,"column":4},"end":{"line":22,"column":20}},"8":{"start":{"line":23,"column":4},"end":{"line":23,"column":18}}},"fnMap":{"0":{"name":"(anonymous_0)","decl":{"start":{"line":2,"column":2},"end":{"line":2,"column":3}},"loc":{"start":{"line":2,"column":16},"end":{"line":5,"column":3}},"line":2},"1":{"name":"(anonymous_1)","decl":{"start":{"line":7,"column":2},"end":{"line":7,"column":3}},"loc":{"start":{"line":7,"column":16},"end":{"line":10,"column":3}},"line":7},"2":{"name":"(anonymous_2)","decl":{"start":{"line":12,"column":2},"end":{"line":12,"column":3}},"loc":{"start":{"line":12,"column":12},"end":{"line":15,"column":3}},"line":12},"3":{"name":"(anonymous_3)","decl":{"start":{"line":17,"column":2},"end":{"line":17,"column":3}},"loc":{"start":{"line":17,"column":9},"end":{"line":19,"column":3}},"line":17},"4":{"name":"(anonymous_4)","decl":{"start":{"line":21,"column":2},"end":{"line":21,"column":3}},"loc":{"start":{"line":21,"column":10},"end":{"line":24,"column":3}},"line":21}},"branchMap":{},"s":{"0":1,"1":1,"2":3,"3":3,"4":1,"5":1,"6":0,"7":1,"8":1},"f":{"0":1,"1":3,"2":1,"3":0,"4":1},"b":{},"_coverageSchema":"1a1c01bbd47fc00a2c39e90264f33305004495a9","hash":"bd91e31d8fe327c91c9ccb268b6c58d108eccf4e"}
,"/Users/zm/Desktop/algorithm/src/stack.js": {"path":"/Users/zm/Desktop/algorithm/src/stack.js","statementMap":{"0":{"start":{"line":3,"column":4},"end":{"line":3,"column":29}},"1":{"start":{"line":4,"column":4},"end":{"line":4,"column":34}},"2":{"start":{"line":8,"column":4},"end":{"line":8,"column":29}},"3":{"start":{"line":9,"column":4},"end":{"line":9,"column":16}},"4":{"start":{"line":13,"column":4},"end":{"line":13,"column":23}},"5":{"start":{"line":14,"column":4},"end":{"line":14,"column":16}},"6":{"start":{"line":18,"column":4},"end":{"line":18,"column":21}},"7":{"start":{"line":22,"column":4},"end":{"line":22,"column":20}},"8":{"start":{"line":23,"column":4},"end":{"line":23,"column":18}}},"fnMap":{"0":{"name":"(anonymous_0)","decl":{"start":{"line":2,"column":2},"end":{"line":2,"column":3}},"loc":{"start":{"line":2,"column":16},"end":{"line":5,"column":3}},"line":2},"1":{"name":"(anonymous_1)","decl":{"start":{"line":7,"column":2},"end":{"line":7,"column":3}},"loc":{"start":{"line":7,"column":13},"end":{"line":10,"column":3}},"line":7},"2":{"name":"(anonymous_2)","decl":{"start":{"line":12,"column":2},"end":{"line":12,"column":3}},"loc":{"start":{"line":12,"column":8},"end":{"line":15,"column":3}},"line":12},"3":{"name":"(anonymous_3)","decl":{"start":{"line":17,"column":2},"end":{"line":17,"column":3}},"loc":{"start":{"line":17,"column":9},"end":{"line":19,"column":3}},"line":17},"4":{"name":"(anonymous_4)","decl":{"start":{"line":21,"column":2},"end":{"line":21,"column":3}},"loc":{"start":{"line":21,"column":10},"end":{"line":24,"column":3}},"line":21}},"branchMap":{},"s":{"0":1,"1":1,"2":3,"3":3,"4":1,"5":1,"6":0,"7":1,"8":1},"f":{"0":1,"1":3,"2":1,"3":0,"4":1},"b":{},"_coverageSchema":"1a1c01bbd47fc00a2c39e90264f33305004495a9","hash":"168cbf395c6bec2ddfc85fc047282ed6013cafa8"}
,"/Users/zm/Desktop/algorithm/src/tree.js": {"path":"/Users/zm/Desktop/algorithm/src/tree.js","statementMap":{"0":{"start":{"line":3,"column":4},"end":{"line":3,"column":21}},"1":{"start":{"line":4,"column":4},"end":{"line":4,"column":21}},"2":{"start":{"line":5,"column":4},"end":{"line":5,"column":22}},"3":{"start":{"line":11,"column":4},"end":{"line":11,"column":21}},"4":{"start":{"line":12,"column":4},"end":{"line":12,"column":18}},"5":{"start":{"line":17,"column":4},"end":{"line":23,"column":5}},"6":{"start":{"line":18,"column":6},"end":{"line":20,"column":9}},"7":{"start":{"line":19,"column":8},"end":{"line":19,"column":31}},"8":{"start":{"line":22,"column":6},"end":{"line":22,"column":26}},"9":{"start":{"line":26,"column":15},"end":{"line":26,"column":32}},"10":{"start":{"line":27,"column":4},"end":{"line":27,"column":16}},"11":{"start":{"line":28,"column":4},"end":{"line":59,"column":5}},"12":{"start":{"line":29,"column":6},"end":{"line":29,"column":23}},"13":{"start":{"line":32,"column":15},"end":{"line":32,"column":26}},"14":{"start":{"line":34,"column":6},"end":{"line":47,"column":7}},"15":{"start":{"line":35,"column":21},"end":{"line":35,"column":30}},"16":{"start":{"line":36,"column":8},"end":{"line":46,"column":9}},"17":{"start":{"line":36,"column":18},"end":{"line":36,"column":19}},"18":{"start":{"line":37,"column":26},"end":{"line":37,"column":36}},"19":{"start":{"line":38,"column":10},"end":{"line":45,"column":11}},"20":{"start":{"line":39,"column":12},"end":{"line":39,"column":35}},"21":{"start":{"line":40,"column":12},"end":{"line":40,"column":20}},"22":{"start":{"line":41,"column":12},"end":{"line":41,"column":18}},"23":{"start":{"line":43,"column":12},"end":{"line":43,"column":36}},"24":{"start":{"line":44,"column":12},"end":{"line":44,"column":37}},"25":{"start":{"line":49,"column":6},"end":{"line":58,"column":7}},"26":{"start":{"line":50,"column":8},"end":{"line":53,"column":9}},"27":{"start":{"line":51,"column":10},"end":{"line":51,"column":33}},"28":{"start":{"line":52,"column":10},"end":{"line":52,"column":17}},"29":{"start":{"line":54,"column":8},"end":{"line":57,"column":9}},"30":{"start":{"line":55,"column":10},"end":{"line":55,"column":34}},"31":{"start":{"line":56,"column":10},"end":{"line":56,"column":17}},"32":{"start":{"line":64,"column":13},"end":{"line":64,"column":24}},"33":{"start":{"line":65,"column":6},"end":{"line":75,"column":7}},"34":{"start":{"line":66,"column":21},"end":{"line":66,"column":30}},"35":{"start":{"line":67,"column":8},"end":{"line":74,"column":9}},"36":{"start":{"line":67,"column":18},"end":{"line":67,"column":19}},"37":{"start":{"line":68,"column":26},"end":{"line":68,"column":36}},"38":{"start":{"line":69,"column":10},"end":{"line":71,"column":11}},"39":{"start":{"line":70,"column":12},"end":{"line":70,"column":24}},"40":{"start":{"line":72,"column":10},"end":{"line":72,"column":62}},"41":{"start":{"line":72,"column":38},"end":{"line":72,"column":62}},"42":{"start":{"line":73,"column":10},"end":{"line":73,"column":64}},"43":{"start":{"line":73,"column":39},"end":{"line":73,"column":64}},"44":{"start":{"line":76,"column":4},"end":{"line":76,"column":17}},"45":{"start":{"line":80,"column":13},"end":{"line":80,"column":24}},"46":{"start":{"line":81,"column":4},"end":{"line":98,"column":5}},"47":{"start":{"line":82,"column":19},"end":{"line":82,"column":28}},"48":{"start":{"line":83,"column":6},"end":{"line":97,"column":7}},"49":{"start":{"line":83,"column":16},"end":{"line":83,"column":17}},"50":{"start":{"line":84,"column":24},"end":{"line":84,"column":34}},"51":{"start":{"line":85,"column":8},"end":{"line":89,"column":9}},"52":{"start":{"line":86,"column":10},"end":{"line":86,"column":32}},"53":{"start":{"line":87,"column":10},"end":{"line":87,"column":22}},"54":{"start":{"line":88,"column":10},"end":{"line":88,"column":17}},"55":{"start":{"line":90,"column":8},"end":{"line":94,"column":9}},"56":{"start":{"line":91,"column":10},"end":{"line":91,"column":33}},"57":{"start":{"line":92,"column":10},"end":{"line":92,"column":22}},"58":{"start":{"line":93,"column":10},"end":{"line":93,"column":17}},"59":{"start":{"line":95,"column":8},"end":{"line":95,"column":60}},"60":{"start":{"line":95,"column":36},"end":{"line":95,"column":60}},"61":{"start":{"line":96,"column":8},"end":{"line":96,"column":62}},"62":{"start":{"line":96,"column":37},"end":{"line":96,"column":62}},"63":{"start":{"line":102,"column":6},"end":{"line":102,"column":38}},"64":{"start":{"line":106,"column":4},"end":{"line":108,"column":5}},"65":{"start":{"line":107,"column":6},"end":{"line":107,"column":13}},"66":{"start":{"line":109,"column":4},"end":{"line":113,"column":5}},"67":{"start":{"line":110,"column":6},"end":{"line":110,"column":23}},"68":{"start":{"line":111,"column":6},"end":{"line":111,"column":18}},"69":{"start":{"line":112,"column":6},"end":{"line":112,"column":13}},"70":{"start":{"line":115,"column":4},"end":{"line":119,"column":5}},"71":{"start":{"line":116,"column":6},"end":{"line":116,"column":24}},"72":{"start":{"line":117,"column":6},"end":{"line":117,"column":18}},"73":{"start":{"line":118,"column":6},"end":{"line":118,"column":13}},"74":{"start":{"line":121,"column":4},"end":{"line":121,"column":36}},"75":{"start":{"line":122,"column":4},"end":{"line":122,"column":37}},"76":{"start":{"line":126,"column":13},"end":{"line":126,"column":24}},"77":{"start":{"line":127,"column":22},"end":{"line":127,"column":24}},"78":{"start":{"line":128,"column":4},"end":{"line":137,"column":5}},"79":{"start":{"line":129,"column":19},"end":{"line":129,"column":28}},"80":{"start":{"line":130,"column":6},"end":{"line":135,"column":7}},"81":{"start":{"line":130,"column":16},"end":{"line":130,"column":17}},"82":{"start":{"line":131,"column":19},"end":{"line":131,"column":29}},"83":{"start":{"line":132,"column":8},"end":{"line":132,"column":54}},"84":{"start":{"line":133,"column":8},"end":{"line":133,"column":50}},"85":{"start":{"line":133,"column":31},"end":{"line":133,"column":50}},"86":{"start":{"line":134,"column":8},"end":{"line":134,"column":52}},"87":{"start":{"line":134,"column":32},"end":{"line":134,"column":52}},"88":{"start":{"line":136,"column":6},"end":{"line":136,"column":39}},"89":{"start":{"line":138,"column":4},"end":{"line":138,"column":29}}},"fnMap":{"0":{"name":"(anonymous_0)","decl":{"start":{"line":2,"column":2},"end":{"line":2,"column":3}},"loc":{"start":{"line":2,"column":19},"end":{"line":6,"column":3}},"line":2},"1":{"name":"(anonymous_1)","decl":{"start":{"line":10,"column":2},"end":{"line":10,"column":3}},"loc":{"start":{"line":10,"column":16},"end":{"line":13,"column":3}},"line":10},"2":{"name":"(anonymous_2)","decl":{"start":{"line":16,"column":2},"end":{"line":16,"column":3}},"loc":{"start":{"line":16,"column":13},"end":{"line":24,"column":3}},"line":16},"3":{"name":"(anonymous_3)","decl":{"start":{"line":18,"column":19},"end":{"line":18,"column":20}},"loc":{"start":{"line":18,"column":30},"end":{"line":20,"column":7}},"line":18},"4":{"name":"(anonymous_4)","decl":{"start":{"line":25,"column":2},"end":{"line":25,"column":3}},"loc":{"start":{"line":25,"column":16},"end":{"line":60,"column":3}},"line":25},"5":{"name":"(anonymous_5)","decl":{"start":{"line":63,"column":2},"end":{"line":63,"column":3}},"loc":{"start":{"line":63,"column":14},"end":{"line":77,"column":3}},"line":63},"6":{"name":"(anonymous_6)","decl":{"start":{"line":79,"column":2},"end":{"line":79,"column":3}},"loc":{"start":{"line":79,"column":17},"end":{"line":99,"column":3}},"line":79},"7":{"name":"(anonymous_7)","decl":{"start":{"line":101,"column":2},"end":{"line":101,"column":3}},"loc":{"start":{"line":101,"column":17},"end":{"line":103,"column":3}},"line":101},"8":{"name":"(anonymous_8)","decl":{"start":{"line":105,"column":2},"end":{"line":105,"column":3}},"loc":{"start":{"line":105,"column":24},"end":{"line":123,"column":3}},"line":105},"9":{"name":"(anonymous_9)","decl":{"start":{"line":125,"column":2},"end":{"line":125,"column":3}},"loc":{"start":{"line":125,"column":10},"end":{"line":139,"column":3}},"line":125}},"branchMap":{"0":{"loc":{"start":{"line":17,"column":4},"end":{"line":23,"column":5}},"type":"if","locations":[{"start":{"line":17,"column":4},"end":{"line":23,"column":5}},{"start":{"line":21,"column":11},"end":{"line":23,"column":5}}],"line":17},"1":{"loc":{"start":{"line":28,"column":4},"end":{"line":59,"column":5}},"type":"if","locations":[{"start":{"line":28,"column":4},"end":{"line":59,"column":5}},{"start":{"line":30,"column":11},"end":{"line":59,"column":5}}],"line":28},"2":{"loc":{"start":{"line":38,"column":10},"end":{"line":45,"column":11}},"type":"if","locations":[{"start":{"line":38,"column":10},"end":{"line":45,"column":11}},{"start":{"line":42,"column":17},"end":{"line":45,"column":11}}],"line":38},"3":{"loc":{"start":{"line":38,"column":13},"end":{"line":38,"column":62}},"type":"binary-expr","locations":[{"start":{"line":38,"column":13},"end":{"line":38,"column":35}},{"start":{"line":38,"column":39},"end":{"line":38,"column":62}}],"line":38},"4":{"loc":{"start":{"line":49,"column":6},"end":{"line":58,"column":7}},"type":"if","locations":[{"start":{"line":49,"column":6},"end":{"line":58,"column":7}},{"start":{},"end":{}}],"line":49},"5":{"loc":{"start":{"line":50,"column":8},"end":{"line":53,"column":9}},"type":"if","locations":[{"start":{"line":50,"column":8},"end":{"line":53,"column":9}},{"start":{},"end":{}}],"line":50},"6":{"loc":{"start":{"line":54,"column":8},"end":{"line":57,"column":9}},"type":"if","locations":[{"start":{"line":54,"column":8},"end":{"line":57,"column":9}},{"start":{},"end":{}}],"line":54},"7":{"loc":{"start":{"line":69,"column":10},"end":{"line":71,"column":11}},"type":"if","locations":[{"start":{"line":69,"column":10},"end":{"line":71,"column":11}},{"start":{},"end":{}}],"line":69},"8":{"loc":{"start":{"line":72,"column":10},"end":{"line":72,"column":62}},"type":"if","locations":[{"start":{"line":72,"column":10},"end":{"line":72,"column":62}},{"start":{},"end":{}}],"line":72},"9":{"loc":{"start":{"line":73,"column":10},"end":{"line":73,"column":64}},"type":"if","locations":[{"start":{"line":73,"column":10},"end":{"line":73,"column":64}},{"start":{},"end":{}}],"line":73},"10":{"loc":{"start":{"line":85,"column":8},"end":{"line":89,"column":9}},"type":"if","locations":[{"start":{"line":85,"column":8},"end":{"line":89,"column":9}},{"start":{},"end":{}}],"line":85},"11":{"loc":{"start":{"line":90,"column":8},"end":{"line":94,"column":9}},"type":"if","locations":[{"start":{"line":90,"column":8},"end":{"line":94,"column":9}},{"start":{},"end":{}}],"line":90},"12":{"loc":{"start":{"line":95,"column":8},"end":{"line":95,"column":60}},"type":"if","locations":[{"start":{"line":95,"column":8},"end":{"line":95,"column":60}},{"start":{},"end":{}}],"line":95},"13":{"loc":{"start":{"line":96,"column":8},"end":{"line":96,"column":62}},"type":"if","locations":[{"start":{"line":96,"column":8},"end":{"line":96,"column":62}},{"start":{},"end":{}}],"line":96},"14":{"loc":{"start":{"line":106,"column":4},"end":{"line":108,"column":5}},"type":"if","locations":[{"start":{"line":106,"column":4},"end":{"line":108,"column":5}},{"start":{},"end":{}}],"line":106},"15":{"loc":{"start":{"line":106,"column":7},"end":{"line":106,"column":62}},"type":"binary-expr","locations":[{"start":{"line":106,"column":7},"end":{"line":106,"column":19}},{"start":{"line":106,"column":23},"end":{"line":106,"column":40}},{"start":{"line":106,"column":44},"end":{"line":106,"column":62}}],"line":106},"16":{"loc":{"start":{"line":109,"column":4},"end":{"line":113,"column":5}},"type":"if","locations":[{"start":{"line":109,"column":4},"end":{"line":113,"column":5}},{"start":{},"end":{}}],"line":109},"17":{"loc":{"start":{"line":115,"column":4},"end":{"line":119,"column":5}},"type":"if","locations":[{"start":{"line":115,"column":4},"end":{"line":119,"column":5}},{"start":{},"end":{}}],"line":115},"18":{"loc":{"start":{"line":133,"column":8},"end":{"line":133,"column":50}},"type":"if","locations":[{"start":{"line":133,"column":8},"end":{"line":133,"column":50}},{"start":{},"end":{}}],"line":133},"19":{"loc":{"start":{"line":134,"column":8},"end":{"line":134,"column":52}},"type":"if","locations":[{"start":{"line":134,"column":8},"end":{"line":134,"column":52}},{"start":{},"end":{}}],"line":134}},"s":{"0":7,"1":7,"2":7,"3":1,"4":1,"5":7,"6":0,"7":0,"8":7,"9":7,"10":7,"11":7,"12":1,"13":6,"14":6,"15":10,"16":10,"17":10,"18":12,"19":12,"20":6,"21":6,"22":6,"23":6,"24":6,"25":6,"26":6,"27":3,"28":3,"29":3,"30":3,"31":3,"32":2,"33":2,"34":3,"35":3,"36":3,"37":4,"38":4,"39":1,"40":3,"41":1,"42":3,"43":1,"44":1,"45":2,"46":2,"47":3,"48":3,"49":3,"50":4,"51":4,"52":1,"53":1,"54":1,"55":3,"56":1,"57":1,"58":1,"59":2,"60":2,"61":2,"62":2,"63":0,"64":0,"65":0,"66":0,"67":0,"68":0,"69":0,"70":0,"71":0,"72":0,"73":0,"74":0,"75":0,"76":0,"77":0,"78":0,"79":0,"80":0,"81":0,"82":0,"83":0,"84":0,"85":0,"86":0,"87":0,"88":0,"89":0},"f":{"0":7,"1":1,"2":7,"3":0,"4":7,"5":2,"6":2,"7":0,"8":0,"9":0},"b":{"0":[0,7],"1":[1,6],"2":[6,6],"3":[12,9],"4":[6,0],"5":[3,3],"6":[3,0],"7":[1,3],"8":[1,2],"9":[1,2],"10":[1,3],"11":[1,2],"12":[2,0],"13":[2,0],"14":[0,0],"15":[0,0,0],"16":[0,0],"17":[0,0],"18":[0,0],"19":[0,0]},"_coverageSchema":"1a1c01bbd47fc00a2c39e90264f33305004495a9","hash":"2546dc3efe9fd2b2fda8ddb04cabfa61336d2ae6"}
,"/Users/zm/Desktop/algorithm/src/union-find.js": {"path":"/Users/zm/Desktop/algorithm/src/union-find.js","statementMap":{"0":{"start":{"line":9,"column":4},"end":{"line":9,"column":19}},"1":{"start":{"line":11,"column":4},"end":{"line":11,"column":64}},"2":{"start":{"line":11,"column":57},"end":{"line":11,"column":62}},"3":{"start":{"line":14,"column":4},"end":{"line":14,"column":40}},"4":{"start":{"line":19,"column":18},"end":{"line":19,"column":34}},"5":{"start":{"line":20,"column":18},"end":{"line":20,"column":34}},"6":{"start":{"line":21,"column":4},"end":{"line":21,"column":32}},"7":{"start":{"line":21,"column":25},"end":{"line":21,"column":32}},"8":{"start":{"line":24,"column":20},"end":{"line":24,"column":32}},"9":{"start":{"line":25,"column":4},"end":{"line":31,"column":5}},"10":{"start":{"line":26,"column":6},"end":{"line":26,"column":33}},"11":{"start":{"line":27,"column":6},"end":{"line":27,"column":23}},"12":{"start":{"line":29,"column":6},"end":{"line":29,"column":33}},"13":{"start":{"line":30,"column":6},"end":{"line":30,"column":23}},"14":{"start":{"line":32,"column":4},"end":{"line":32,"column":17}},"15":{"start":{"line":37,"column":19},"end":{"line":37,"column":30}},"16":{"start":{"line":38,"column":4},"end":{"line":42,"column":5}},"17":{"start":{"line":40,"column":6},"end":{"line":40,"column":36}},"18":{"start":{"line":41,"column":6},"end":{"line":41,"column":20}},"19":{"start":{"line":43,"column":4},"end":{"line":43,"column":13}},"20":{"start":{"line":48,"column":18},"end":{"line":48,"column":34}},"21":{"start":{"line":49,"column":18},"end":{"line":49,"column":34}},"22":{"start":{"line":50,"column":4},"end":{"line":50,"column":27}},"23":{"start":{"line":55,"column":4},"end":{"line":55,"column":22}}},"fnMap":{"0":{"name":"(anonymous_0)","decl":{"start":{"line":7,"column":2},"end":{"line":7,"column":3}},"loc":{"start":{"line":7,"column":17},"end":{"line":15,"column":3}},"line":7},"1":{"name":"(anonymous_1)","decl":{"start":{"line":11,"column":43},"end":{"line":11,"column":44}},"loc":{"start":{"line":11,"column":57},"end":{"line":11,"column":62}},"line":11},"2":{"name":"(anonymous_2)","decl":{"start":{"line":18,"column":2},"end":{"line":18,"column":3}},"loc":{"start":{"line":18,"column":14},"end":{"line":33,"column":3}},"line":18},"3":{"name":"(anonymous_3)","decl":{"start":{"line":36,"column":2},"end":{"line":36,"column":3}},"loc":{"start":{"line":36,"column":14},"end":{"line":44,"column":3}},"line":36},"4":{"name":"(anonymous_4)","decl":{"start":{"line":47,"column":2},"end":{"line":47,"column":3}},"loc":{"start":{"line":47,"column":18},"end":{"line":51,"column":3}},"line":47},"5":{"name":"(anonymous_5)","decl":{"start":{"line":54,"column":2},"end":{"line":54,"column":3}},"loc":{"start":{"line":54,"column":10},"end":{"line":56,"column":3}},"line":54}},"branchMap":{"0":{"loc":{"start":{"line":21,"column":4},"end":{"line":21,"column":32}},"type":"if","locations":[{"start":{"line":21,"column":4},"end":{"line":21,"column":32}},{"start":{},"end":{}}],"line":21},"1":{"loc":{"start":{"line":25,"column":4},"end":{"line":31,"column":5}},"type":"if","locations":[{"start":{"line":25,"column":4},"end":{"line":31,"column":5}},{"start":{"line":28,"column":11},"end":{"line":31,"column":5}}],"line":25}},"s":{"0":1,"1":1,"2":5,"3":1,"4":2,"5":2,"6":2,"7":0,"8":2,"9":2,"10":0,"11":0,"12":2,"13":2,"14":2,"15":14,"16":14,"17":5,"18":5,"19":14,"20":5,"21":5,"22":5,"23":0},"f":{"0":1,"1":5,"2":2,"3":14,"4":5,"5":0},"b":{"0":[0,2],"1":[0,2]},"_coverageSchema":"1a1c01bbd47fc00a2c39e90264f33305004495a9","hash":"08ed981ab058a6347de5a63672ae3d26cd26c5cc"}
}
