TN:
SF:src/binary-tree.js
FN:2,(anonymous_0)
FN:11,(anonymous_1)
FN:16,(anonymous_2)
FN:43,(anonymous_3)
FN:45,(anonymous_4)
FN:56,(anonymous_5)
FN:72,(anonymous_6)
FN:73,(anonymous_7)
FN:85,(anonymous_8)
FN:120,(anonymous_9)
FNF:10
FNH:8
FNDA:9,(anonymous_0)
FNDA:1,(anonymous_1)
FNDA:9,(anonymous_2)
FNDA:2,(anonymous_3)
FNDA:34,(anonymous_4)
FNDA:0,(anonymous_5)
FNDA:2,(anonymous_6)
FNDA:3,(anonymous_7)
FNDA:6,(anonymous_8)
FNDA:0,(anonymous_9)
DA:3,9
DA:4,9
DA:5,9
DA:12,1
DA:13,1
DA:17,9
DA:18,9
DA:20,9
DA:21,1
DA:23,8
DA:25,8
DA:26,20
DA:27,20
DA:28,12
DA:29,12
DA:30,5
DA:31,5
DA:34,8
DA:35,8
DA:36,3
DA:37,3
DA:44,2
DA:45,2
DA:46,34
DA:47,16
DA:48,16
DA:49,16
DA:51,2
DA:52,2
DA:57,0
DA:58,0
DA:59,0
DA:60,0
DA:62,0
DA:63,0
DA:65,0
DA:69,0
DA:73,2
DA:74,3
DA:75,2
DA:77,1
DA:85,2
DA:86,6
DA:87,6
DA:89,4
DA:90,1
DA:93,3
DA:94,1
DA:97,2
DA:98,0
DA:101,2
DA:102,2
DA:103,2
DA:104,2
DA:105,2
DA:107,0
DA:108,0
DA:111,2
DA:112,2
DA:116,2
DA:117,2
DA:121,0
DA:122,0
DA:123,0
DA:124,0
DA:125,0
DA:126,0
DA:127,0
DA:128,0
DA:129,0
DA:131,0
DA:133,0
LF:72
LH:50
BRDA:20,0,0,1
BRDA:20,0,1,8
BRDA:27,1,0,12
BRDA:27,1,1,8
BRDA:29,2,0,5
BRDA:29,2,1,7
BRDA:35,3,0,3
BRDA:35,3,1,5
BRDA:46,4,0,18
BRDA:46,4,1,16
BRDA:59,5,0,0
BRDA:59,5,1,0
BRDA:62,6,0,0
BRDA:62,6,1,0
BRDA:74,7,0,2
BRDA:74,7,1,1
BRDA:86,8,0,0
BRDA:86,8,1,6
BRDA:87,9,0,4
BRDA:87,9,1,2
BRDA:89,10,0,1
BRDA:89,10,1,3
BRDA:89,11,0,4
BRDA:89,11,1,1
BRDA:93,12,0,1
BRDA:93,12,1,2
BRDA:97,13,0,0
BRDA:97,13,1,2
BRDA:105,14,0,0
BRDA:105,14,1,2
BRDA:128,15,0,0
BRDA:128,15,1,0
BRDA:129,16,0,0
BRDA:129,16,1,0
BRF:34
BRH:23
end_of_record
TN:
SF:src/heap.js
FN:2,(anonymous_0)
FN:5,(anonymous_1)
FN:12,(anonymous_2)
FN:21,(anonymous_3)
FN:34,(anonymous_4)
FN:61,(anonymous_5)
FNF:6
FNH:5
FNDA:1,(anonymous_0)
FNDA:0,(anonymous_1)
FNDA:13,(anonymous_2)
FNDA:10,(anonymous_3)
FNDA:2,(anonymous_4)
FNDA:3,(anonymous_5)
DA:3,1
DA:6,0
DA:7,0
DA:13,13
DA:14,13
DA:15,13
DA:22,10
DA:23,10
DA:24,10
DA:26,10
DA:27,8
DA:28,8
DA:29,8
DA:36,2
DA:37,2
DA:38,2
DA:40,2
DA:41,2
DA:44,2
DA:45,7
DA:46,7
DA:48,7
DA:49,7
DA:50,5
DA:53,7
DA:54,5
DA:57,7
DA:59,2
DA:62,3
LF:29
LH:27
BRDA:26,0,0,18
BRDA:26,0,1,18
BRDA:49,1,0,5
BRDA:49,1,1,2
BRDA:50,2,0,3
BRDA:50,2,1,2
BRDA:53,3,0,5
BRDA:53,3,1,2
BRDA:53,4,0,7
BRDA:53,4,1,5
BRF:10
BRH:10
end_of_record
TN:
SF:src/linked-list.js
FN:1,LinkedNode
FN:7,(anonymous_1)
FN:12,(anonymous_2)
FN:21,(anonymous_3)
FN:34,(anonymous_4)
FN:45,(anonymous_5)
FNF:6
FNH:6
FNDA:5,LinkedNode
FNDA:1,(anonymous_1)
FNDA:3,(anonymous_2)
FNDA:3,(anonymous_3)
FNDA:1,(anonymous_4)
FNDA:1,(anonymous_5)
DA:2,5
DA:3,5
DA:8,1
DA:9,1
DA:13,3
DA:14,3
DA:15,3
DA:17,3
DA:18,3
DA:22,3
DA:23,3
DA:24,3
DA:25,6
DA:26,1
DA:28,5
DA:29,5
DA:31,2
DA:35,1
DA:36,1
DA:37,1
DA:38,0
DA:40,1
DA:41,1
DA:42,1
DA:46,1
DA:47,1
DA:48,4
DA:49,1
DA:50,1
DA:52,3
DA:54,1
LF:31
LH:30
BRDA:25,0,0,1
BRDA:25,0,1,5
BRDA:37,1,0,0
BRDA:37,1,1,1
BRDA:48,2,0,1
BRDA:48,2,1,3
BRF:6
BRH:5
end_of_record
TN:
SF:src/queue.js
FN:2,(anonymous_0)
FN:7,(anonymous_1)
FN:12,(anonymous_2)
FN:17,(anonymous_3)
FN:21,(anonymous_4)
FNF:5
FNH:4
FNDA:1,(anonymous_0)
FNDA:3,(anonymous_1)
FNDA:1,(anonymous_2)
FNDA:0,(anonymous_3)
FNDA:1,(anonymous_4)
DA:3,1
DA:4,1
DA:8,3
DA:9,3
DA:13,1
DA:14,1
DA:18,0
DA:22,1
DA:23,1
LF:9
LH:8
BRF:0
BRH:0
end_of_record
TN:
SF:src/stack.js
FN:2,(anonymous_0)
FN:7,(anonymous_1)
FN:12,(anonymous_2)
FN:17,(anonymous_3)
FN:21,(anonymous_4)
FNF:5
FNH:4
FNDA:1,(anonymous_0)
FNDA:3,(anonymous_1)
FNDA:1,(anonymous_2)
FNDA:0,(anonymous_3)
FNDA:1,(anonymous_4)
DA:3,1
DA:4,1
DA:8,3
DA:9,3
DA:13,1
DA:14,1
DA:18,0
DA:22,1
DA:23,1
LF:9
LH:8
BRF:0
BRH:0
end_of_record
TN:
SF:src/tree.js
FN:2,(anonymous_0)
FN:10,(anonymous_1)
FN:16,(anonymous_2)
FN:18,(anonymous_3)
FN:25,(anonymous_4)
FN:63,(anonymous_5)
FN:79,(anonymous_6)
FN:101,(anonymous_7)
FN:105,(anonymous_8)
FN:125,(anonymous_9)
FNF:10
FNH:6
FNDA:7,(anonymous_0)
FNDA:1,(anonymous_1)
FNDA:7,(anonymous_2)
FNDA:0,(anonymous_3)
FNDA:7,(anonymous_4)
FNDA:2,(anonymous_5)
FNDA:2,(anonymous_6)
FNDA:0,(anonymous_7)
FNDA:0,(anonymous_8)
FNDA:0,(anonymous_9)
DA:3,7
DA:4,7
DA:5,7
DA:11,1
DA:12,1
DA:17,7
DA:18,0
DA:19,0
DA:22,7
DA:26,7
DA:27,7
DA:28,7
DA:29,1
DA:32,6
DA:34,6
DA:35,10
DA:36,10
DA:37,12
DA:38,12
DA:39,6
DA:40,6
DA:41,6
DA:43,6
DA:44,6
DA:49,6
DA:50,6
DA:51,3
DA:52,3
DA:54,3
DA:55,3
DA:56,3
DA:64,2
DA:65,2
DA:66,3
DA:67,3
DA:68,4
DA:69,4
DA:70,1
DA:72,3
DA:73,3
DA:76,1
DA:80,2
DA:81,2
DA:82,3
DA:83,3
DA:84,4
DA:85,4
DA:86,1
DA:87,1
DA:88,1
DA:90,3
DA:91,1
DA:92,1
DA:93,1
DA:95,2
DA:96,2
DA:102,0
DA:106,0
DA:107,0
DA:109,0
DA:110,0
DA:111,0
DA:112,0
DA:115,0
DA:116,0
DA:117,0
DA:118,0
DA:121,0
DA:122,0
DA:126,0
DA:127,0
DA:128,0
DA:129,0
DA:130,0
DA:131,0
DA:132,0
DA:133,0
DA:134,0
DA:136,0
DA:138,0
LF:80
LH:54
BRDA:17,0,0,0
BRDA:17,0,1,7
BRDA:28,1,0,1
BRDA:28,1,1,6
BRDA:38,2,0,6
BRDA:38,2,1,6
BRDA:38,3,0,12
BRDA:38,3,1,9
BRDA:49,4,0,6
BRDA:49,4,1,0
BRDA:50,5,0,3
BRDA:50,5,1,3
BRDA:54,6,0,3
BRDA:54,6,1,0
BRDA:69,7,0,1
BRDA:69,7,1,3
BRDA:72,8,0,1
BRDA:72,8,1,2
BRDA:73,9,0,1
BRDA:73,9,1,2
BRDA:85,10,0,1
BRDA:85,10,1,3
BRDA:90,11,0,1
BRDA:90,11,1,2
BRDA:95,12,0,2
BRDA:95,12,1,0
BRDA:96,13,0,2
BRDA:96,13,1,0
BRDA:106,14,0,0
BRDA:106,14,1,0
BRDA:106,15,0,0
BRDA:106,15,1,0
BRDA:106,15,2,0
BRDA:109,16,0,0
BRDA:109,16,1,0
BRDA:115,17,0,0
BRDA:115,17,1,0
BRDA:133,18,0,0
BRDA:133,18,1,0
BRDA:134,19,0,0
BRDA:134,19,1,0
BRF:41
BRH:23
end_of_record
TN:
SF:src/union-find.js
FN:7,(anonymous_0)
FN:11,(anonymous_1)
FN:18,(anonymous_2)
FN:36,(anonymous_3)
FN:47,(anonymous_4)
FN:54,(anonymous_5)
FNF:6
FNH:5
FNDA:1,(anonymous_0)
FNDA:5,(anonymous_1)
FNDA:2,(anonymous_2)
FNDA:14,(anonymous_3)
FNDA:5,(anonymous_4)
FNDA:0,(anonymous_5)
DA:9,1
DA:11,5
DA:14,1
DA:19,2
DA:20,2
DA:21,2
DA:24,2
DA:25,2
DA:26,0
DA:27,0
DA:29,2
DA:30,2
DA:32,2
DA:37,14
DA:38,14
DA:40,5
DA:41,5
DA:43,14
DA:48,5
DA:49,5
DA:50,5
DA:55,0
LF:22
LH:19
BRDA:21,0,0,0
BRDA:21,0,1,2
BRDA:25,1,0,0
BRDA:25,1,1,2
BRF:4
BRH:2
end_of_record
